Version 1.6
------------------
Added: Tor Browser, Free Download Manager,
Added: Eddy, Ex Falso, Geany,

Extra: Cloudflare Zero Trust icon,

Changed: (Steam) Age of Wonders 3+4,


Version 1.5
------------------
Apps: calibre, beekeeper,
Games: (Steam) Marvel's Midnight Suns,
Games: (Steam) Lost Eidolons, (Steam) WarTales,
Games: (Steam) Immortal Realms Vampire Wars

Version 1.4
------------------
Games: (Steam) Wolchen: Lords of Mayhem,
Games: (Steam) Zoria: Age of Shattering (Demo),
Games: (Steam) War of the Overworld,
Games: (Steam) Frostpunk 1+2,


Version 1.3
------------------
Apps: Tuba, Cura, Kitty, Signal, Prusa Slicer,
Games: (Steam) The Last Spell,

Version 1.2
------------------
Games: (Steam) Chronicon, (Steam) Oaken, (Steam) Monster Train,
Games: (Steam) Age of Wonder 3 + 4, (Steam) Spellforce: Conquest of Eo,
Games: (Steam) KeeperRL, (Steam) Trials of Fire,
Games: (Steam) The Iron Oath, (Steam) Pillars of Eternity 2,
Games: (Steam) Two Point Campus, (Steam) Dark Bestiary,  

Version 1.1c
------------------
Added: Gradience

Version 1.1b
------------------
Added: Cavalier
Games: (Steam) Stellaris, (Steam) Oxygen Not Included,
Games: (Steam) SpellForce: Conquest of Eo,
Games: (Steam) The Sandwalkers: Prologue
Games: (Steam) Legend of Keepers

Version 1.1a
------------------
Added Pop!_OS support
Cinnamon DE support

Version 1.0
------------------
Added Device Icons
Cinnamon support on its way (not fully completed)

Version 0.9 (Beta)
------------------
Released for the public
